<?xml version="1.0" encoding="UTF-8"?>
<testsuite xmlns:xsi="http://www.w3.org/2001/XMLSchema-instance" xsi:noNamespaceSchemaLocation="https://maven.apache.org/surefire/maven-surefire-plugin/xsd/surefire-test-report-3.0.xsd" version="3.0" name="br.com.digitalhouse.dentistas.DentistasApplicationTests" time="6.341" tests="1" errors="0" skipped="0" failures="0">
  <properties>
[...]
</properties>
  <testcase name="contextLoads" classname="br.com.digitalhouse.dentistas.DentistasApplicationTests" time="1.598">
    <system-out><![CDATA[21:35:41.283 [main] INFO org.springframework.test.context.support.AnnotationConfigContextLoaderUtils -- Could not detect default configuration classes for test class [br.com.digitalhouse.dentistas.DentistasApplicationTests]: DentistasApplicationTests does not declare any static, non-private, non-final, nested classes annotated with @Configuration.
21:35:41.475 [main] INFO org.springframework.boot.test.context.SpringBootTestContextBootstrapper -- Found @SpringBootConfiguration br.com.digitalhouse.dentistas.DentistasApplication for test class br.com.digitalhouse.dentistas.DentistasApplicationTests

  .   ____          _            __ _ _
 /\\ / ___'_ __ _ _(_)_ __  __ _ \ \ \ \
( ( )\___ | '_ | '_| | '_ \/ _` | \ \ \ \
 \\/  ___)| |_)| | | | | || (_| |  ) ) ) )
  '  |____| .__|_| |_|_| |_\__, | / / / /
 =========|_|==============|___/=/_/_/_/
 :: Spring Boot ::                (v3.1.3)

2023-08-28T21:35:42.536-03:00  INFO 11508 --- [           main] b.c.d.d.DentistasApplicationTests        : Starting DentistasApplicationTests using Java 20.0.2 with PID 11508 (started by mkfjo in C:\Users\mkfjo\OneDrive\Documentos\Projetos\Backend\dentistas)
2023-08-28T21:35:42.539-03:00  INFO 11508 --- [           main] b.c.d.d.DentistasApplicationTests        : No active profile set, falling back to 1 default profile: "default"
2023-08-28T21:35:44.324-03:00  INFO 11508 --- [           main] o.s.cloud.context.scope.GenericScope     : BeanFactory id=ad96e285-2149-372a-870b-034715879b24
2023-08-28T21:35:45.530-03:00  INFO 11508 --- [           main] b.c.d.d.DentistasApplicationTests        : Started DentistasApplicationTests in 3.675 seconds (process running for 6.37)
]]></system-out>
  </testcase>
</testsuite>